
> btn-variants@0.1.0 build-storybook
> storybook build --output-dir=C:\Users\madup\AppData\Local\Temp\chromatic--4116-UYhYqa2WxquU

@storybook/core v8.3.2

info => Cleaning outputDir: ..\..\..\AppData\Local\Temp\chromatic--4116-UYhYqa2WxquU
info => Loading presets
info => Building manager..
info => Manager built (267 ms)
info => Building preview..
WARN No story files found for the specified pattern: src\storybook\**\*.mdx
info Addon-docs: using MDX3
info => Using implicit CSS loaders
info => Using SWC as compiler
info => Using default Webpack5 setup
info Using tsconfig paths for react-docgen
WARN Module Warning (from ./node_modules/sass-loader/dist/cjs.js):
WARN Deprecation The legacy JS API is deprecated and will be removed in Dart Sass 2.0.0.
WARN 
WARN More info: https://sass-lang.com/d/legacy-js-api
WARN Module Warning (from ./node_modules/sass-loader/dist/cjs.js):
WARN Deprecation Warning on line 5, column 24 of file:///C:/Users/madup/Documents/risksek/btn-variants/src/app//assets/scss/abstract/mixins.scss:5:24:
WARN darken() is deprecated. Suggestions:
WARN 
WARN color.scale($color, $lightness: -18.6813186813%)
WARN color.adjust($color, $lightness: -10%)
WARN 
WARN More info: https://sass-lang.com/d/color-functions
WARN 
WARN 5 |       background-color: darken($color, 10%);
WARN 
WARN 
WARN src\app\assets\scss\abstract\mixins.scss 6:25    hover-darken()
WARN src\app\assets\scss\components\button.scss 63:5  @import
WARN src\app\assets\scss\main.scss 16:9               @import
WARN src\storybook\button.stories.scss 1:9            root stylesheet
WARN 
WARN Module Warning (from ./node_modules/sass-loader/dist/cjs.js):
WARN Deprecation Warning on line 5, column 24 of file:///C:/Users/madup/Documents/risksek/btn-variants/src/app//assets/scss/abstract/mixins.scss:5:24:
WARN darken() is deprecated. Suggestions:
WARN 
WARN color.scale($color, $lightness: -19.465648855%)
WARN color.adjust($color, $lightness: -10%)
WARN 
WARN More info: https://sass-lang.com/d/color-functions
WARN 
WARN 5 |       background-color: darken($color, 10%);
WARN 
WARN 
WARN src\app\assets\scss\abstract\mixins.scss 6:25    hover-darken()
WARN src\app\assets\scss\components\button.scss 57:5  @import
WARN src\app\assets\scss\main.scss 16:9               @import
WARN src\storybook\button.stories.scss 1:9            root stylesheet
WARN 
WARN Module Warning (from ./node_modules/sass-loader/dist/cjs.js):
WARN Deprecation Warning on line 5, column 24 of file:///C:/Users/madup/Documents/risksek/btn-variants/src/app//assets/scss/abstract/mixins.scss:5:24:
WARN darken() is deprecated. Suggestions:
WARN 
WARN color.scale($color, $lightness: -20%)
WARN color.adjust($color, $lightness: -10%)
WARN 
WARN More info: https://sass-lang.com/d/color-functions
WARN 
WARN 5 |       background-color: darken($color, 10%);
WARN 
WARN 
WARN src\app\assets\scss\abstract\mixins.scss 6:25    hover-darken()
WARN src\app\assets\scss\components\button.scss 19:5  @import
WARN src\app\assets\scss\main.scss 16:9               @import
WARN src\storybook\button.stories.scss 1:9            root stylesheet
WARN 
WARN Module Warning (from ./node_modules/sass-loader/dist/cjs.js):
WARN Deprecation Warning on line 5, column 24 of file:///C:/Users/madup/Documents/risksek/btn-variants/src/app//assets/scss/abstract/mixins.scss:5:24:
WARN darken() is deprecated. Suggestions:
WARN 
WARN color.scale($color, $lightness: -24.6376811594%)
WARN color.adjust($color, $lightness: -10%)
WARN 
WARN More info: https://sass-lang.com/d/color-functions
WARN 
WARN 5 |       background-color: darken($color, 10%);
WARN 
WARN 
WARN src\app\assets\scss\abstract\mixins.scss 6:25    hover-darken()
WARN src\app\assets\scss\components\button.scss 45:5  @import
WARN src\app\assets\scss\main.scss 16:9               @import
WARN src\storybook\button.stories.scss 1:9            root stylesheet
WARN 
WARN Module Warning (from ./node_modules/sass-loader/dist/cjs.js):
WARN Deprecation Warning on line 5, column 24 of file:///C:/Users/madup/Documents/risksek/btn-variants/src/app//assets/scss/abstract/mixins.scss:5:24:
WARN darken() is deprecated. Suggestions:
WARN 
WARN color.scale($color, $lightness: -43.9655172414%)
WARN color.adjust($color, $lightness: -10%)
WARN 
WARN More info: https://sass-lang.com/d/color-functions
WARN 
WARN 5 |       background-color: darken($color, 10%);
WARN 
WARN 
WARN src\app\assets\scss\abstract\mixins.scss 6:25    hover-darken()
WARN src\app\assets\scss\components\button.scss 69:5  @import
WARN src\app\assets\scss\main.scss 16:9               @import
WARN src\storybook\button.stories.scss 1:9            root stylesheet
WARN 
WARN Module Warning (from ./node_modules/sass-loader/dist/cjs.js):
WARN 5 repetitive deprecation warnings omitted.
WARN asset size limit: The following asset(s) exceed the recommended size limit (244 KiB).
WARN This can impact web performance.
WARN Assets: 
WARN   350.9b78843f.iframe.bundle.js (2.08 MiB)
WARN   915.37d4e239.iframe.bundle.js (1.01 MiB)
WARN entrypoint size limit: The following entrypoint(s) combined asset size exceeds the recommended limit (244 KiB). This can impact web performance.
WARN Entrypoints:
WARN   main (2.1 MiB)
WARN       runtime~main.f335d24e.iframe.bundle.js
WARN       350.9b78843f.iframe.bundle.js
WARN       main.b383af09.iframe.bundle.js
WARN 
info => Preview built (20 s)
info => Output directory: C:\Users\madup\AppData\Local\Temp\chromatic--4116-UYhYqa2WxquU
